
**** collection configuration ****
	output_filename = /home/ubuntu/dgl/examples/pytorch/gat/net
	force-overwrite = true
	stop-on-exit = true
	export_sqlite = true
	stats = false
	capture-range = cudaProfilerApi
	stop-on-range-end = true
	Beta: ftrace events:
	ftrace-keep-user-config = false
	trace-GPU-context-switch = false
	delay = 0 seconds
	duration = 0 seconds
	kill = signal number 15
	inherit-environment = true
	show-output = true
	trace-fork-before-exec = false
	sample_cpu = true
	backtrace_method = LBR
	wait = all
	trace_cublas = false
	trace_cuda = true
	trace_cudnn = false
	trace_nvtx = true
	trace_mpi = false
	trace_openacc = false
	trace_vulkan = false
	trace_opengl = true
	trace_osrt = true
	osrt-threshold = 0 nanoseconds
	cudabacktrace = false
	cudabacktrace-threshold = 0 nanoseconds
	profile_processes = tree
	application command = python
	application arguments = train.py --dataset=pubmed --epochs 5 --gpu=0 
	application working directory = /home/ubuntu/dgl/examples/pytorch/gat
	NVTX profiler range trigger = 
	NVTX profiler domain trigger = 
	environment variables:
Using backend: pytorch
/home/ubuntu/anaconda3/envs/dgl-conda/lib/python3.6/site-packages/torch/distributed/distributed_c10d.py:144: UserWarning: torch.distributed.reduce_op is deprecated, please use torch.distributed.ReduceOp instead
  warnings.warn("torch.distributed.reduce_op is deprecated, please use "
/home/ubuntu/anaconda3/envs/dgl-conda/lib/python3.6/site-packages/dgl-0.7-py3.6-linux-x86_64.egg/dgl/data/utils.py:285: UserWarning: Property dataset.num_labels will be deprecated, please use dataset.num_classes instead.
  warnings.warn('Property {} will be deprecated, please use {} instead.'.format(old, new))
/home/ubuntu/anaconda3/envs/dgl-conda/lib/python3.6/site-packages/dgl-0.7-py3.6-linux-x86_64.egg/dgl/data/utils.py:285: UserWarning: Property dataset.graph will be deprecated, please use dataset[0] instead.
  warnings.warn('Property {} will be deprecated, please use {} instead.'.format(old, new))
Initializing NVTX monkey patches
Done with NVTX monkey patching
Namespace(attn_drop=0.6, dataset='pubmed', early_stop=False, epochs=5, fastmode=False, gpu=0, in_drop=0.6, lr=0.005, negative_slope=0.2, num_heads=8, num_hidden=8, num_layers=1, num_out_heads=1, residual=False, weight_decay=0.0005)
  NumNodes: 19717
  NumEdges: 88651
  NumFeats: 500
  NumClasses: 3
  NumTrainingSamples: 60
  NumValidationSamples: 500
  NumTestSamples: 1000
Done loading data from cached files.
----Data statistics------'
      #Edges 88651
      #Classes 3
      #Train samples 60
      #Val samples 500
      #Test samples 1000
GAT(
  (gat_layers): ModuleList(
    (0): GATConv(
      (fc): Linear(in_features=500, out_features=64, bias=False)
      (feat_drop): Dropout(p=0.6, inplace=False)
      (attn_drop): Dropout(p=0.6, inplace=False)
      (leaky_relu): LeakyReLU(negative_slope=0.2)
    )
    (1): GATConv(
      (fc): Linear(in_features=64, out_features=3, bias=False)
      (feat_drop): Dropout(p=0.6, inplace=False)
      (attn_drop): Dropout(p=0.6, inplace=False)
      (leaky_relu): LeakyReLU(negative_slope=0.2)
    )
  )
)
Traceback (most recent call last):
  File "train.py", line 217, in <module>
    main(args)
  File "train.py", line 149, in main
    logits = model(features, epoch)
  File "/home/ubuntu/anaconda3/envs/dgl-conda/lib/python3.6/site-packages/torch/nn/modules/module.py", line 889, in _call_impl
    result = self.forward(*input, **kwargs)
  File "/home/ubuntu/dgl/examples/pytorch/gat/gat.py", line 55, in forward
    profiler.start()
AttributeError: module 'torch.autograd.profiler' has no attribute 'start'

The target application returned non-zero exit code 1

	Collection canceled.

The application terminated before the collection started. No report was generated.
