Namespace(attn_drop=0.6, dataset='ogbn-arxiv', early_stop=False, epochs=4, fastmode=False, gpu=0, in_drop=0.6, lr=0.005, negative_slope=0.2, num_heads=8, num_hidden=8, num_layers=1, num_out_heads=1, residual=False, weight_decay=0.0005)
----Data statistics------'
      #Edges 1166243
      #Classes 40
      #Train samples 90941
      #Val samples 29799
      #Test samples 48603
GAT(
  (gat_layers): ModuleList(
    (0): GATConv(
      (fc): Linear(in_features=128, out_features=64, bias=False)
      (feat_drop): Dropout(p=0.6, inplace=False)
      (attn_drop): Dropout(p=0.6, inplace=False)
      (leaky_relu): LeakyReLU(negative_slope=0.2)
    )
    (1): GATConv(
      (fc): Linear(in_features=64, out_features=40, bias=False)
      (feat_drop): Dropout(p=0.6, inplace=False)
      (attn_drop): Dropout(p=0.6, inplace=False)
      (leaky_relu): LeakyReLU(negative_slope=0.2)
    )
  )
)
fc_time: 0.0014090538024902344
spmm_time: 0.013322591781616211
fc_time: 8.463859558105469e-05
spmm_time: 0.19457435607910156
fc_time: 7.796287536621094e-05
spmm_time: 0.014424800872802734
fc_time: 6.389617919921875e-05
spmm_time: 0.010796308517456055
fc_time: 9.822845458984375e-05
spmm_time: 0.015902280807495117
fc_time: 6.914138793945312e-05
spmm_time: 0.011201858520507812
fc_time: 6.580352783203125e-05
spmm_time: 0.009474992752075195
fc_time: 6.222724914550781e-05
spmm_time: 0.006684303283691406
fc_time: 7.224082946777344e-05
spmm_time: 0.010773181915283203
fc_time: 6.818771362304688e-05
spmm_time: 0.007046937942504883
fc_time: 6.628036499023438e-05
spmm_time: 0.009203433990478516
fc_time: 6.151199340820312e-05
spmm_time: 0.006439685821533203
fc_time: 0.00013780593872070312
spmm_time: 0.01008152961730957
-------------------------------  ------------  ------------  ------------  ------------  ------------  ------------  ------------  ------------  ------------  ------------  
                           Name    Self CPU %      Self CPU   CPU total %     CPU total  CPU time avg     Self CUDA   Self CUDA %    CUDA total  CUDA time avg    # of Calls  
-------------------------------  ------------  ------------  ------------  ------------  ------------  ------------  ------------  ------------  ------------  ------------  
                        rf-spmm         1.04%     123.852us        84.53%      10.051ms      10.051ms       3.937us         0.02%       3.995ms       3.995ms             1  
                          GSpMM        83.20%       9.892ms        83.49%       9.926ms       9.926ms       3.800ms        23.31%       3.992ms       3.992ms             1  
                     rf-softmax         0.17%      20.048us         3.90%     464.223us     464.223us       3.489us         0.02%       6.514ms       6.514ms             1  
                    EdgeSoftmax         2.15%     255.698us         3.73%     442.937us     442.937us       5.681ms        34.84%       6.511ms       6.511ms             1  
                    aten::zeros         1.29%     153.121us         3.17%     376.702us      19.826us      61.852us         0.38%     898.686us      47.299us            19  
                       rf-sddmm         0.88%     104.747us         1.84%     219.318us     219.318us       1.984us         0.01%     718.848us     718.848us             1  
                    aten::zero_         0.73%      86.532us         1.51%     179.526us       9.449us      40.769us         0.25%     836.834us      44.044us            19  
           rf-attn-dot-products         0.39%      46.017us         1.46%     173.776us     173.776us       7.296us         0.04%       1.585ms       1.585ms             1  
                rf-drop-softmax         0.68%      80.767us         1.10%     130.732us     130.732us       2.944us         0.02%     446.464us     446.464us             1  
                         GSDDMM         0.65%      76.980us         0.95%     113.371us     113.371us     531.488us         3.26%     716.864us     716.864us             1  
                          rf-FC         0.29%      34.340us         0.92%     109.713us     109.713us       1.728us         0.01%     739.424us     739.424us             1  
                  aten::dropout         0.16%      18.809us         0.83%      98.719us      49.360us      10.495us         0.06%       1.366ms     682.912us             2  
    rf-attn-dot-products-update         0.80%      95.346us         0.81%      96.261us      96.261us       1.472us         0.01%       1.472us       1.472us             1  
                       aten::eq         0.36%      42.652us         0.80%      95.438us      47.719us      47.072us         0.29%      97.344us      48.672us             2  
                    aten::fill_         0.78%      92.994us         0.78%      92.994us      13.285us     796.066us         4.88%     796.066us     113.724us             7  
-------------------------------  ------------  ------------  ------------  ------------  ------------  ------------  ------------  ------------  ------------  ------------  
Self CPU time total: 11.890ms
Self CUDA time total: 16.304ms

fc_time: 0.00013256072998046875
spmm_time: 0.0064508914947509766
-------------------------------  ------------  ------------  ------------  ------------  ------------  ------------  ------------  ------------  ------------  ------------  
                           Name    Self CPU %      Self CPU   CPU total %     CPU total  CPU time avg     Self CUDA   Self CUDA %    CUDA total  CUDA time avg    # of Calls  
-------------------------------  ------------  ------------  ------------  ------------  ------------  ------------  ------------  ------------  ------------  ------------  
                        rf-spmm         1.65%     135.157us        78.40%       6.421ms       6.421ms      62.272us         0.71%       2.664ms       2.664ms             1  
                          GSpMM        76.34%       6.252ms        76.74%       6.285ms       6.285ms       2.479ms        28.41%       2.602ms       2.602ms             1  
                     rf-softmax         0.23%      18.889us         5.25%     429.626us     429.626us       2.880us         0.03%       3.178ms       3.178ms             1  
                    EdgeSoftmax         3.05%     249.804us         5.00%     409.681us     409.681us       3.052ms        34.98%       3.175ms       3.175ms             1  
                    aten::zeros         1.77%     144.766us         4.21%     344.553us      18.134us      77.794us         0.89%     300.257us      15.803us            19  
                       rf-sddmm         1.29%     105.974us         2.66%     217.593us     217.593us       3.392us         0.04%     125.952us     125.952us             1  
           rf-attn-dot-products         0.56%      45.774us         2.09%     171.397us     171.397us       4.864us         0.06%     952.352us     952.352us             1  
                    aten::zero_         0.98%      80.659us         1.91%     156.514us       8.238us      36.607us         0.42%     222.463us      11.709us            19  
                rf-drop-softmax         0.97%      79.495us         1.55%     127.275us     127.275us       2.688us         0.03%      58.592us      58.592us             1  
                         GSDDMM         0.93%      75.896us         1.35%     110.633us     110.633us      97.856us         1.12%     122.560us     122.560us             1  
                          rf-FC         0.41%      33.851us         1.28%     104.554us     104.554us       2.560us         0.03%     407.552us     407.552us             1  
    rf-attn-dot-products-update         1.20%      98.563us         1.21%      99.405us      99.405us       1.472us         0.02%       1.472us       1.472us             1  
                  aten::dropout         0.20%      16.256us         1.18%      96.828us      48.414us       7.360us         0.08%     536.448us     268.224us             2  
                       aten::eq         0.50%      41.342us         1.13%      92.933us      46.466us      44.992us         0.52%      93.248us      46.624us             2  
                    aten::empty         1.11%      90.563us         1.11%      90.563us       2.058us       0.000us         0.00%       0.000us       0.000us            44  
-------------------------------  ------------  ------------  ------------  ------------  ------------  ------------  ------------  ------------  ------------  ------------  
Self CPU time total: 8.190ms
Self CUDA time total: 8.725ms

fc_time: 6.508827209472656e-05
spmm_time: 0.009154081344604492
fc_time: 6.103515625e-05
spmm_time: 0.006376504898071289

fc_time: 5.745887756347656e-05
spmm_time: 0.009246110916137695
fc_time: 5.817413330078125e-05
spmm_time: 0.006505727767944336
Using backend: pytorch
Test Accuracy 0.0000
