Namespace(batch_size=100, data_cpu=False, dataset='ogbn-mag', dropout=0, fanout=4, gpu=-1, l2norm=0, lr=0.01, model_path=None, n_bases=-1, n_epochs=2, n_hidden=16, n_layers=2, use_self_loop=False, validation=False)
Number of relations: 8
Number of class: 349
Number of train: 629571
Number of valid: 64879
Number of test: 41939
start training...
rel_id: 0 graph: Block(num_src_nodes=1729, num_dst_nodes=614, num_edges=1985) inputs; torch.Size([1729, 16])
rel_id: 1 graph: Block(num_src_nodes=1210, num_dst_nodes=614, num_edges=2453) inputs; torch.Size([1210, 16])
rel_id: 2 graph: Block(num_src_nodes=237, num_dst_nodes=331, num_edges=462) inputs; torch.Size([237, 16])
rel_id: 3 graph: Block(num_src_nodes=4961, num_dst_nodes=614, num_edges=1766) inputs; torch.Size([4961, 16])
rel_id: 4 graph: Block(num_src_nodes=4961, num_dst_nodes=285, num_edges=1134) inputs; torch.Size([4961, 16])
rel_id: 5 graph: Block(num_src_nodes=4961, num_dst_nodes=614, num_edges=1858) inputs; torch.Size([4961, 16])
rel_id: 6 graph: Block(num_src_nodes=4961, num_dst_nodes=331, num_edges=1070) inputs; torch.Size([4961, 16])
rel_id: 0 graph: Block(num_src_nodes=331, num_dst_nodes=100, num_edges=331) inputs; torch.Size([331, 16])
weight2?: tensor([[ 0.0348,  0.0025, -0.0286,  ..., -0.0355, -0.0281, -0.0145],
        [-0.0069,  0.0218, -0.0065,  ...,  0.0168,  0.0370,  0.0183],
        [ 0.0037,  0.0221, -0.0124,  ...,  0.0303,  0.0234, -0.0244],
        ...,
        [-0.0378,  0.0176,  0.0017,  ..., -0.0141,  0.0249, -0.0209],
        [ 0.0273, -0.0291,  0.0104,  ..., -0.0365, -0.0371,  0.0019],
        [ 0.0294,  0.0117, -0.0328,  ...,  0.0320,  0.0332, -0.0363]],
       grad_fn=<SqueezeBackward1>)
rel_id: 1 graph: Block(num_src_nodes=285, num_dst_nodes=100, num_edges=400) inputs; torch.Size([285, 16])
weight2?: tensor([[ 0.0091,  0.0239,  0.0331,  ..., -0.0275, -0.0335, -0.0258],
        [ 0.0109, -0.0037,  0.0275,  ...,  0.0191, -0.0055,  0.0128],
        [ 0.0266, -0.0104, -0.0196,  ..., -0.0320,  0.0138, -0.0064],
        ...,
        [-0.0228, -0.0305, -0.0136,  ...,  0.0281, -0.0150,  0.0318],
        [-0.0238,  0.0343, -0.0293,  ..., -0.0143,  0.0135,  0.0227],
        [-0.0119, -0.0241, -0.0033,  ...,  0.0212, -0.0273, -0.0376]],
       grad_fn=<SqueezeBackward1>)
rel_id: 2 graph: Block(num_src_nodes=614, num_dst_nodes=100, num_edges=262) inputs; torch.Size([614, 16])
weight2?: tensor([[ 0.0294, -0.0006, -0.0168,  ..., -0.0256, -0.0358,  0.0301],
        [ 0.0039,  0.0275,  0.0123,  ..., -0.0274,  0.0313, -0.0319],
        [ 0.0327, -0.0109,  0.0113,  ..., -0.0033, -0.0133, -0.0329],
        ...,
        [-0.0194,  0.0009,  0.0288,  ...,  0.0252, -0.0211, -0.0264],
        [-0.0284,  0.0345, -0.0056,  ...,  0.0378,  0.0007,  0.0328],
        [ 0.0168,  0.0115,  0.0222,  ...,  0.0257,  0.0216,  0.0120]],
       grad_fn=<SqueezeBackward1>)
rel_id: 3 graph: Block(num_src_nodes=614, num_dst_nodes=100, num_edges=255) inputs; torch.Size([614, 16])
weight2?: tensor([[-0.0025,  0.0294,  0.0148,  ..., -0.0072,  0.0305,  0.0259],
        [-0.0367, -0.0247,  0.0331,  ..., -0.0292,  0.0337, -0.0353],
        [-0.0017,  0.0303,  0.0303,  ...,  0.0364, -0.0091, -0.0043],
        ...,
        [-0.0362,  0.0204, -0.0247,  ...,  0.0363,  0.0269,  0.0269],
        [ 0.0059, -0.0156, -0.0218,  ..., -0.0003,  0.0148,  0.0158],
        [ 0.0076,  0.0098,  0.0145,  ...,  0.0371, -0.0178, -0.0295]],
       grad_fn=<SqueezeBackward1>)
Epoch 00000 | Batch 000 | Train Acc: 0.0000 | Train Loss: 5.8550 | Time: 3.5586
rel_id: 0 graph: Block(num_src_nodes=1813, num_dst_nodes=636, num_edges=2045) inputs; torch.Size([1813, 16])
rel_id: 1 graph: Block(num_src_nodes=1281, num_dst_nodes=636, num_edges=2540) inputs; torch.Size([1281, 16])
rel_id: 2 graph: Block(num_src_nodes=232, num_dst_nodes=309, num_edges=473) inputs; torch.Size([232, 16])
rel_id: 3 graph: Block(num_src_nodes=5199, num_dst_nodes=636, num_edges=1911) inputs; torch.Size([5199, 16])
rel_id: 4 graph: Block(num_src_nodes=5199, num_dst_nodes=302, num_edges=1196) inputs; torch.Size([5199, 16])
rel_id: 5 graph: Block(num_src_nodes=5199, num_dst_nodes=636, num_edges=1946) inputs; torch.Size([5199, 16])
rel_id: 6 graph: Block(num_src_nodes=5199, num_dst_nodes=309, num_edges=1009) inputs; torch.Size([5199, 16])
rel_id: 0 graph: Block(num_src_nodes=309, num_dst_nodes=100, num_edges=309) inputs; torch.Size([309, 16])
weight2?: tensor([[ 0.0248,  0.0125, -0.0386,  ..., -0.0455, -0.0381, -0.0245],
        [-0.0169,  0.0318, -0.0165,  ...,  0.0068,  0.0270,  0.0083],
        [-0.0063,  0.0321, -0.0223,  ...,  0.0203,  0.0134, -0.0344],
        ...,
        [-0.0478,  0.0276, -0.0083,  ..., -0.0241,  0.0149, -0.0309],
        [ 0.0173, -0.0191,  0.0004,  ..., -0.0465, -0.0471, -0.0081],
        [ 0.0194,  0.0217, -0.0428,  ...,  0.0220,  0.0232, -0.0463]],
       grad_fn=<SqueezeBackward1>)
rel_id: 1 graph: Block(num_src_nodes=302, num_dst_nodes=100, num_edges=400) inputs; torch.Size([302, 16])
weight2?: tensor([[-0.0009,  0.0339,  0.0232,  ..., -0.0375, -0.0434, -0.0357],
        [ 0.0010,  0.0063,  0.0176,  ...,  0.0092, -0.0154,  0.0029],
        [ 0.0167, -0.0004, -0.0296,  ..., -0.0420,  0.0038, -0.0163],
        ...,
        [-0.0327, -0.0205, -0.0236,  ...,  0.0182, -0.0249,  0.0219],
        [-0.0337,  0.0443, -0.0392,  ..., -0.0243,  0.0036,  0.0128],
        [-0.0219, -0.0141, -0.0132,  ...,  0.0112, -0.0372, -0.0475]],
       grad_fn=<SqueezeBackward1>)
rel_id: 2 graph: Block(num_src_nodes=636, num_dst_nodes=100, num_edges=261) inputs; torch.Size([636, 16])
weight2?: tensor([[ 0.0194,  0.0094, -0.0268,  ..., -0.0356, -0.0458,  0.0201],
        [-0.0060,  0.0375,  0.0023,  ..., -0.0373,  0.0213, -0.0419],
        [ 0.0228, -0.0009,  0.0013,  ..., -0.0133, -0.0232, -0.0429],
        ...,
        [-0.0294,  0.0109,  0.0188,  ...,  0.0152, -0.0310, -0.0363],
        [-0.0383,  0.0445, -0.0156,  ...,  0.0278, -0.0093,  0.0228],
        [ 0.0068,  0.0215,  0.0122,  ...,  0.0157,  0.0116,  0.0020]],
       grad_fn=<SqueezeBackward1>)
rel_id: 3 graph: Block(num_src_nodes=636, num_dst_nodes=100, num_edges=276) inputs; torch.Size([636, 16])
weight2?: tensor([[-0.0125,  0.0394,  0.0048,  ..., -0.0172,  0.0205,  0.0159],
        [-0.0467, -0.0147,  0.0232,  ..., -0.0392,  0.0238, -0.0452],
        [-0.0117,  0.0403,  0.0203,  ...,  0.0265, -0.0191, -0.0143],
        ...,
        [-0.0462,  0.0304, -0.0347,  ...,  0.0263,  0.0169,  0.0169],
        [-0.0041, -0.0056, -0.0317,  ..., -0.0103,  0.0049,  0.0058],
        [-0.0024,  0.0198,  0.0045,  ...,  0.0271, -0.0278, -0.0395]],
       grad_fn=<SqueezeBackward1>)
Epoch 00000 | Batch 001 | Train Acc: 0.0200 | Train Loss: 5.8460 | Time: 0.2462
rel_id: 0 graph: Block(num_src_nodes=1728, num_dst_nodes=619, num_edges=1973) inputs; torch.Size([1728, 16])
rel_id: 1 graph: Block(num_src_nodes=1251, num_dst_nodes=619, num_edges=2473) inputs; torch.Size([1251, 16])
rel_id: 2 graph: Block(num_src_nodes=193, num_dst_nodes=308, num_edges=384) inputs; torch.Size([193, 16])
rel_id: 3 graph: Block(num_src_nodes=4828, num_dst_nodes=619, num_edges=1793) inputs; torch.Size([4828, 16])
rel_id: 4 graph: Block(num_src_nodes=4828, num_dst_nodes=279, num_edges=1111) inputs; torch.Size([4828, 16])
rel_id: 5 graph: Block(num_src_nodes=4828, num_dst_nodes=619, num_edges=1871) inputs; torch.Size([4828, 16])
rel_id: 6 graph: Block(num_src_nodes=4828, num_dst_nodes=308, num_edges=966) inputs; torch.Size([4828, 16])
rel_id: 0 graph: Block(num_src_nodes=308, num_dst_nodes=100, num_edges=308) inputs; torch.Size([308, 16])
weight2?: tensor([[ 0.0156,  0.0224, -0.0479,  ..., -0.0547, -0.0473, -0.0207],
        [-0.0262,  0.0417, -0.0258,  ..., -0.0025,  0.0177,  0.0154],
        [-0.0156,  0.0413, -0.0316,  ...,  0.0111,  0.0042, -0.0436],
        ...,
        [-0.0568,  0.0375, -0.0173,  ..., -0.0331,  0.0059, -0.0399],
        [ 0.0079, -0.0093, -0.0091,  ..., -0.0559, -0.0565, -0.0176],
        [ 0.0094,  0.0317, -0.0527,  ...,  0.0120,  0.0132, -0.0403]],
       grad_fn=<SqueezeBackward1>)
rel_id: 1 graph: Block(num_src_nodes=279, num_dst_nodes=100, num_edges=399) inputs; torch.Size([279, 16])
weight2?: tensor([[-0.0086,  0.0421,  0.0155,  ..., -0.0452, -0.0512, -0.0284],
        [-0.0066,  0.0141,  0.0100,  ...,  0.0016, -0.0231,  0.0102],
        [ 0.0089,  0.0078, -0.0373,  ..., -0.0497, -0.0039, -0.0090],
        ...,
        [-0.0404, -0.0127, -0.0313,  ...,  0.0105, -0.0327,  0.0292],
        [-0.0415,  0.0527, -0.0470,  ..., -0.0321, -0.0042,  0.0201],
        [-0.0318, -0.0041, -0.0231,  ...,  0.0013, -0.0471, -0.0574]],
       grad_fn=<SqueezeBackward1>)
rel_id: 2 graph: Block(num_src_nodes=619, num_dst_nodes=100, num_edges=246) inputs; torch.Size([619, 16])
weight2?: tensor([[ 0.0109,  0.0186, -0.0353,  ..., -0.0441, -0.0543,  0.0116],
        [-0.0142,  0.0462, -0.0059,  ..., -0.0455,  0.0131, -0.0501],
        [ 0.0144,  0.0076, -0.0070,  ..., -0.0216, -0.0316, -0.0512],
        ...,
        [-0.0378,  0.0204,  0.0104,  ...,  0.0069, -0.0394, -0.0447],
        [-0.0467,  0.0531, -0.0240,  ...,  0.0194, -0.0177,  0.0144],
        [-0.0032,  0.0315,  0.0022,  ...,  0.0058,  0.0017, -0.0080]],
       grad_fn=<SqueezeBackward1>)
rel_id: 3 graph: Block(num_src_nodes=619, num_dst_nodes=100, num_edges=275) inputs; torch.Size([619, 16])
weight2?: tensor([[-0.0210,  0.0488, -0.0036,  ..., -0.0257,  0.0120,  0.0228],
        [-0.0552, -0.0054,  0.0146,  ..., -0.0477,  0.0152, -0.0402],
        [-0.0199,  0.0493,  0.0122,  ...,  0.0183, -0.0273, -0.0071],
        ...,
        [-0.0545,  0.0401, -0.0430,  ...,  0.0180,  0.0086,  0.0240],
        [-0.0124,  0.0033, -0.0400,  ..., -0.0186, -0.0034,  0.0128],
        [-0.0124,  0.0298, -0.0055,  ...,  0.0171, -0.0378, -0.0494]],
       grad_fn=<SqueezeBackward1>)
Epoch 00000 | Batch 002 | Train Acc: 0.0100 | Train Loss: 5.8374 | Time: 0.2460
rel_id: 0 graph: Block(num_src_nodes=1694, num_dst_nodes=604, num_edges=1959) inputs; torch.Size([1694, 16])
rel_id: 1 graph: Block(num_src_nodes=1226, num_dst_nodes=604, num_edges=2413) inputs; torch.Size([1226, 16])
rel_id: 2 graph: Block(num_src_nodes=215, num_dst_nodes=329, num_edges=446) inputs; torch.Size([215, 16])
rel_id: 3 graph: Block(num_src_nodes=4771, num_dst_nodes=604, num_edges=1776) inputs; torch.Size([4771, 16])
rel_id: 4 graph: Block(num_src_nodes=4771, num_dst_nodes=289, num_edges=1153) inputs; torch.Size([4771, 16])
rel_id: 5 graph: Block(num_src_nodes=4771, num_dst_nodes=604, num_edges=1707) inputs; torch.Size([4771, 16])
rel_id: 6 graph: Block(num_src_nodes=4771, num_dst_nodes=329, num_edges=1019) inputs; torch.Size([4771, 16])
rel_id: 0 graph: Block(num_src_nodes=329, num_dst_nodes=100, num_edges=329) inputs; torch.Size([329, 16])
weight2?: tensor([[ 0.0143,  0.0323, -0.0569,  ..., -0.0638, -0.0564, -0.0188],
        [-0.0262,  0.0517, -0.0347,  ..., -0.0114,  0.0088,  0.0237],
        [-0.0170,  0.0509, -0.0407,  ...,  0.0020, -0.0049, -0.0527],
        ...,
        [-0.0550,  0.0474, -0.0261,  ..., -0.0419, -0.0029, -0.0488],
        [ 0.0069,  0.0006, -0.0182,  ..., -0.0650, -0.0656, -0.0262],
        [-0.0006,  0.0416, -0.0627,  ...,  0.0021,  0.0032, -0.0326]],
       grad_fn=<SqueezeBackward1>)
rel_id: 1 graph: Block(num_src_nodes=289, num_dst_nodes=100, num_edges=400) inputs; torch.Size([289, 16])
weight2?: tensor([[-0.0042,  0.0509,  0.0074,  ..., -0.0533, -0.0592, -0.0213],
        [-0.0022,  0.0228,  0.0019,  ..., -0.0065, -0.0311,  0.0176],
        [ 0.0133,  0.0167, -0.0454,  ..., -0.0578, -0.0120, -0.0017],
        ...,
        [-0.0359, -0.0040, -0.0393,  ...,  0.0024, -0.0407,  0.0364],
        [-0.0370,  0.0616, -0.0551,  ..., -0.0401, -0.0123,  0.0272],
        [-0.0417,  0.0058, -0.0330,  ..., -0.0086, -0.0571, -0.0674]],
       grad_fn=<SqueezeBackward1>)
rel_id: 2 graph: Block(num_src_nodes=604, num_dst_nodes=100, num_edges=246) inputs; torch.Size([604, 16])
weight2?: tensor([[ 0.0157,  0.0280, -0.0438,  ..., -0.0525, -0.0627,  0.0032],
        [-0.0091,  0.0553, -0.0141,  ..., -0.0538,  0.0049, -0.0583],
        [ 0.0185,  0.0165, -0.0153,  ..., -0.0300, -0.0399, -0.0596],
        ...,
        [-0.0322,  0.0300,  0.0020,  ..., -0.0015, -0.0478, -0.0531],
        [-0.0417,  0.0622, -0.0323,  ...,  0.0111, -0.0261,  0.0061],
        [-0.0132,  0.0415, -0.0077,  ..., -0.0042, -0.0083, -0.0179]],
       grad_fn=<SqueezeBackward1>)
rel_id: 3 graph: Block(num_src_nodes=604, num_dst_nodes=100, num_edges=260) inputs; torch.Size([604, 16])
weight2?: tensor([[-0.0293,  0.0584, -0.0120,  ..., -0.0341,  0.0037,  0.0296],
        [-0.0635,  0.0042,  0.0063,  ..., -0.0560,  0.0069, -0.0441],
        [-0.0281,  0.0585,  0.0039,  ...,  0.0100, -0.0355,  0.0003],
        ...,
        [-0.0627,  0.0497, -0.0512,  ...,  0.0097,  0.0003,  0.0318],
        [-0.0207,  0.0126, -0.0483,  ..., -0.0269, -0.0117,  0.0197],
        [-0.0224,  0.0398, -0.0155,  ...,  0.0071, -0.0477, -0.0594]],
       grad_fn=<SqueezeBackward1>)
Epoch 00000 | Batch 003 | Train Acc: 0.0200 | Train Loss: 5.8107 | Time: 0.2465
rel_id: 0 graph: Block(num_src_nodes=1813, num_dst_nodes=615, num_edges=2038) inputs; torch.Size([1813, 16])
rel_id: 1 graph: Block(num_src_nodes=1210, num_dst_nodes=615, num_edges=2459) inputs; torch.Size([1210, 16])
rel_id: 2 graph: Block(num_src_nodes=243, num_dst_nodes=332, num_edges=475) inputs; torch.Size([243, 16])
rel_id: 3 graph: Block(num_src_nodes=5074, num_dst_nodes=615, num_edges=1851) inputs; torch.Size([5074, 16])
rel_id: 4 graph: Block(num_src_nodes=5074, num_dst_nodes=271, num_edges=1078) inputs; torch.Size([5074, 16])
rel_id: 5 graph: Block(num_src_nodes=5074, num_dst_nodes=615, num_edges=1835) inputs; torch.Size([5074, 16])
rel_id: 6 graph: Block(num_src_nodes=5074, num_dst_nodes=332, num_edges=1121) inputs; torch.Size([5074, 16])
rel_id: 0 graph: Block(num_src_nodes=332, num_dst_nodes=100, num_edges=332) inputs; torch.Size([332, 16])
weight2?: tensor([[ 1.9788e-02,  4.2293e-02, -6.5899e-02,  ..., -7.2736e-02,
         -6.5377e-02, -2.3181e-02],
        [-2.0588e-02,  6.1721e-02, -4.3546e-02,  ..., -2.0270e-02,
         -3.6379e-05,  3.2333e-02],
        [-1.1464e-02,  6.0556e-02, -4.9696e-02,  ..., -7.0107e-03,
         -1.3931e-02, -6.1677e-02],
        ...,
        [-5.2722e-02,  5.6757e-02, -3.4961e-02,  ..., -5.0796e-02,
         -1.1736e-02, -5.7578e-02],
        [ 1.2596e-02,  1.0477e-02, -2.7131e-02,  ..., -7.3975e-02,
         -7.4541e-02, -3.4521e-02],
        [-1.0607e-02,  5.1659e-02, -7.2732e-02,  ..., -7.9751e-03,
         -6.7914e-03, -2.4160e-02]], grad_fn=<SqueezeBackward1>)
rel_id: 1 graph: Block(num_src_nodes=271, num_dst_nodes=100, num_edges=400) inputs; torch.Size([271, 16])
weight2?: tensor([[ 0.0022,  0.0595, -0.0009,  ..., -0.0616, -0.0675, -0.0205],
        [ 0.0042,  0.0314, -0.0064,  ..., -0.0148, -0.0394,  0.0193],
        [ 0.0197,  0.0254, -0.0537,  ..., -0.0662, -0.0203,  0.0002],
        ...,
        [-0.0295,  0.0046, -0.0476,  ..., -0.0059, -0.0490,  0.0375],
        [-0.0306,  0.0704, -0.0634,  ..., -0.0484, -0.0206,  0.0286],
        [-0.0516,  0.0158, -0.0430,  ..., -0.0185, -0.0670, -0.0773]],
       grad_fn=<SqueezeBackward1>)
rel_id: 2 graph: Block(num_src_nodes=615, num_dst_nodes=100, num_edges=263) inputs; torch.Size([615, 16])
weight2?: tensor([[ 0.0224,  0.0371, -0.0522,  ..., -0.0610, -0.0712, -0.0053],
        [-0.0020,  0.0640, -0.0224,  ..., -0.0620, -0.0034, -0.0665],
        [ 0.0252,  0.0250, -0.0238,  ..., -0.0384, -0.0484, -0.0680],
        ...,
        [-0.0249,  0.0391, -0.0064,  ..., -0.0099, -0.0562, -0.0615],
        [-0.0348,  0.0712, -0.0408,  ...,  0.0026, -0.0345, -0.0023],
        [-0.0231,  0.0515, -0.0177,  ..., -0.0142, -0.0183, -0.0279]],
       grad_fn=<SqueezeBackward1>)
rel_id: 3 graph: Block(num_src_nodes=615, num_dst_nodes=100, num_edges=255) inputs; torch.Size([615, 16])
weight2?: tensor([[-0.0251,  0.0676, -0.0205,  ..., -0.0426, -0.0049,  0.0312],
        [-0.0587,  0.0132, -0.0020,  ..., -0.0643, -0.0014, -0.0506],
        [-0.0235,  0.0674, -0.0045,  ...,  0.0016, -0.0440,  0.0036],
        ...,
        [-0.0584,  0.0588, -0.0597,  ...,  0.0013, -0.0081,  0.0369],
        [-0.0161,  0.0216, -0.0568,  ..., -0.0354, -0.0202,  0.0211],
        [-0.0324,  0.0498, -0.0255,  ..., -0.0029, -0.0577, -0.0694]],
       grad_fn=<SqueezeBackward1>)
Epoch 00000 | Batch 004 | Train Acc: 0.0300 | Train Loss: 5.7853 | Time: 0.2462
rel_id: 0 graph: Block(num_src_nodes=1767, num_dst_nodes=626, num_edges=1999) inputs; torch.Size([1767, 16])
rel_id: 1 graph: Block(num_src_nodes=1283, num_dst_nodes=626, num_edges=2502) inputs; torch.Size([1283, 16])
rel_id: 2 graph: Block(num_src_nodes=248, num_dst_nodes=312, num_edges=466) inputs; torch.Size([248, 16])
rel_id: 3 graph: Block(num_src_nodes=4939, num_dst_nodes=626, num_edges=1797) inputs; torch.Size([4939, 16])Using backend: pytorch

rel_id: 4 graph: Block(num_src_nodes=4939, num_dst_nodes=292, num_edges=1162) inputs; torch.Size([4939, 16])
rel_id: 5 graph: Block(num_src_nodes=4939, num_dst_nodes=626, num_edges=1815) inputs; torch.Size([4939, 16])
rel_id: 6 graph: Block(num_src_nodes=4939, num_dst_nodes=312, num_edges=964) inputs; torch.Size([4939, 16])
-----------------------  ------------  ------------  ------------  ------------  ------------  ------------  ------------  ------------  ------------  ------------  
                   Name    Self CPU %      Self CPU   CPU total %     CPU total  CPU time avg     Self CUDA   Self CUDA %    CUDA total  CUDA time avg    # of Calls  
-----------------------  ------------  ------------  ------------  ------------  ------------  ------------  ------------  ------------  ------------  ------------  
                  GSpMM        14.86%     933.086us        17.90%       1.124ms     160.556us     961.633us        15.56%       1.101ms     157.321us             7  
          rf-spmm-type0         4.64%     291.185us         7.89%     495.159us     495.159us     294.976us         4.77%     495.584us     495.584us             1  
     rf-normalize-type0         3.56%     223.451us         7.12%     447.075us     447.075us     233.056us         3.77%     448.448us     448.448us             1  
              aten::mul         5.12%     321.668us         7.06%     443.419us      31.673us     340.961us         5.52%     438.688us      31.335us            14  
          rf-spmm-type3         4.62%     289.835us         6.96%     437.215us     437.215us     294.432us         4.76%     438.240us     438.240us             1  
          rf-spmm-type2         4.07%     255.271us         6.77%     425.151us     425.151us     276.320us         4.47%     425.792us     425.792us             1  
          rf-spmm-type1         3.98%     250.044us         6.66%     418.006us     418.006us     252.896us         4.09%     418.208us     418.208us             1  
          rf-spmm-type5         3.86%     242.295us         6.37%     399.862us     399.862us     247.167us         4.00%     400.832us     400.832us             1  
          rf-spmm-type4         3.86%     242.075us         6.19%     388.985us     388.985us     245.920us         3.98%     389.536us     389.536us             1  
          rf-spmm-type6         3.84%     241.306us         6.18%     388.328us     388.328us     244.033us         3.95%     388.801us     388.801us             1  
     rf-normalize-type3         2.56%     160.947us         5.94%     372.861us     372.861us     170.240us         2.75%     372.736us     372.736us             1  
     rf-normalize-type1         2.61%     163.685us         5.77%     362.362us     362.362us     172.513us         2.79%     362.496us     362.496us             1  
     rf-normalize-type2         2.65%     166.432us         5.74%     360.265us     360.265us     172.865us         2.80%     360.480us     360.480us             1  
     rf-normalize-type5         2.53%     158.918us         5.55%     348.584us     348.584us     166.304us         2.69%     349.376us     349.376us             1  
            aten::zeros         3.62%     227.137us         6.11%     383.966us      18.284us     249.281us         4.03%     347.392us      16.542us            21  
-----------------------  ------------  ------------  ------------  ------------  ------------  ------------  ------------  ------------  ------------  ------------  
Self CPU time total: 6.279ms
Self CUDA time total: 6.182ms

