Namespace(attn_drop=0.6, batch_size=1000, data_cpu=False, dataset='ogbn-products', dropout=0.5, eval_every=5, fan_out='10,25', gpu=0, in_drop=0.6, inductive=False, log_every=20, lr=0.003, negative_slope=0.2, num_epochs=3, num_heads=8, num_hidden=8, num_layers=1, num_out_heads=1, num_workers=4, residual=False, sample_gpu=False)
load ogbn-products
finish loading ogbn-products
finish constructing ogbn-products
Graph(num_nodes=2449029, num_edges=126167053,
      ndata_schemes={'feat': Scheme(shape=(100,), dtype=torch.float32), 'features': Scheme(shape=(100,), dtype=torch.float32), 'labels': Scheme(shape=(), dtype=torch.int64), 'train_mask': Scheme(shape=(), dtype=torch.bool), 'val_mask': Scheme(shape=(), dtype=torch.bool), 'test_mask': Scheme(shape=(), dtype=torch.bool)}
      edata_schemes={})
GAT(
  (gat_layers): ModuleList(
    (0): GATConv(
      (fc): Linear(in_features=100, out_features=64, bias=False)
      (feat_drop): Dropout(p=0.6, inplace=False)
      (attn_drop): Dropout(p=0.6, inplace=False)
      (leaky_relu): LeakyReLU(negative_slope=0.2)
    )
    (1): GATConv(
      (fc): Linear(in_features=64, out_features=47, bias=False)
      (feat_drop): Dropout(p=0.6, inplace=False)
      (attn_drop): Dropout(p=0.6, inplace=False)
      (leaky_relu): LeakyReLU(negative_slope=0.2)
    )
  )
)
Using backend: pytorch
fc_time: 0.0013935565948486328
fc_time: 8.20159912109375e-05
Epoch 00000 | Step 00000 | Loss 24.7154 | Train Acc 0.0230 | Speed (samples/sec) nan | GPU 1351.0 MB
fc_time: 7.748603820800781e-05
fc_time: 6.198883056640625e-05
fc_time: 9.989738464355469e-05
fc_time: 7.486343383789062e-05
fc_time: 9.632110595703125e-05
fc_time: 7.319450378417969e-05
fc_time: 0.0001468658447265625
fc_time: 7.963180541992188e-05
fc_time: 0.00011277198791503906
fc_time: 9.226799011230469e-05
fc_time: 0.00011920928955078125
fc_time: 0.00010132789611816406
fc_time: 9.226799011230469e-05
fc_time: 8.392333984375e-05
fc_time: 0.00015497207641601562
fc_time: 9.632110595703125e-05
fc_time: 0.00011205673217773438
fc_time: 9.751319885253906e-05
fc_time: 0.0001354217529296875
fc_time: 0.00011324882507324219
fc_time: 9.989738464355469e-05
fc_time: 8.273124694824219e-05
fc_time: 9.608268737792969e-05
fc_time: 8.487701416015625e-05
fc_time: 0.00011897087097167969
fc_time: 9.489059448242188e-05
fc_time: 0.00011849403381347656
fc_time: 8.416175842285156e-05
fc_time: 0.00010633468627929688
fc_time: 7.963180541992188e-05
fc_time: 0.00012826919555664062
fc_time: 0.00010609626770019531
fc_time: 9.918212890625e-05
fc_time: 9.751319885253906e-05
fc_time: 0.000110626220703125
fc_time: 8.511543273925781e-05
fc_time: 9.918212890625e-05
fc_time: 7.557868957519531e-05
fc_time: 0.00010347366333007812
fc_time: 0.00010919570922851562
Epoch 00000 | Step 00020 | Loss 5.3134 | Train Acc 0.0880 | Speed (samples/sec) 30040.1928 | GPU 1358.1 MB
fc_time: 0.00011992454528808594
fc_time: 8.511543273925781e-05
fc_time: 0.00011706352233886719
fc_time: 9.489059448242188e-05
fc_time: 0.00010752677917480469
fc_time: 9.918212890625e-05
fc_time: 0.00010585784912109375
fc_time: 0.00013184547424316406
fc_time: 0.00011730194091796875
fc_time: 8.225440979003906e-05
fc_time: 9.751319885253906e-05
fc_time: 8.082389831542969e-05
fc_time: 0.00015091896057128906
fc_time: 0.00010013580322265625
fc_time: 0.0001246929168701172
fc_time: 0.00010514259338378906
fc_time: 0.00011372566223144531
fc_time: 8.893013000488281e-05
fc_time: 0.00015592575073242188
fc_time: 9.083747863769531e-05
fc_time: 0.00012135505676269531
fc_time: 8.606910705566406e-05
fc_time: 0.00011944770812988281
fc_time: 6.389617919921875e-05
fc_time: 0.00010061264038085938
fc_time: 8.130073547363281e-05
fc_time: 0.00015497207641601562
fc_time: 0.00010514259338378906
fc_time: 0.00012493133544921875
fc_time: 9.083747863769531e-05
fc_time: 0.0001201629638671875
fc_time: 8.559226989746094e-05
fc_time: 0.00012564659118652344
fc_time: 9.465217590332031e-05
fc_time: 0.00011682510375976562
fc_time: 9.34600830078125e-05
fc_time: 0.00012087821960449219
fc_time: 8.511543273925781e-05
fc_time: 0.00011014938354492188
fc_time: 6.67572021484375e-05
Epoch 00000 | Step 00040 | Loss 3.8427 | Train Acc 0.1180 | Speed (samples/sec) 30507.6109 | GPU 1358.2 MB
fc_time: 0.00012159347534179688
fc_time: 0.0001323223114013672
fc_time: 0.00011372566223144531
fc_time: 0.00010728836059570312
fc_time: 0.00011467933654785156
fc_time: 9.441375732421875e-05
fc_time: 0.00016808509826660156
fc_time: 8.630752563476562e-05
fc_time: 0.0001049041748046875
fc_time: 8.273124694824219e-05
fc_time: 0.00010704994201660156
fc_time: 8.368492126464844e-05
fc_time: 0.00010991096496582031
fc_time: 0.00010013580322265625
fc_time: 0.0001125335693359375
fc_time: 0.00011467933654785156
fc_time: 0.00013828277587890625
fc_time: 9.799003601074219e-05
fc_time: 0.0001068115234375
fc_time: 8.559226989746094e-05
fc_time: 0.0037963390350341797
fc_time: 8.869171142578125e-05
fc_time: 0.000133514404296875
fc_time: 8.869171142578125e-05
fc_time: 0.00011086463928222656
fc_time: 8.320808410644531e-05
fc_time: 0.00010704994201660156
fc_time: 7.987022399902344e-05
fc_time: 0.00011563301086425781
fc_time: 0.00010919570922851562
fc_time: 9.131431579589844e-05
fc_time: 6.437301635742188e-05
fc_time: 0.000118255615234375
fc_time: 8.916854858398438e-05
fc_time: 0.00013685226440429688
fc_time: 0.00010371208190917969
fc_time: 0.0001068115234375
fc_time: 8.726119995117188e-05
fc_time: 0.00011348724365234375
fc_time: 8.630752563476562e-05
Epoch 00000 | Step 00060 | Loss 3.4291 | Train Acc 0.1850 | Speed (samples/sec) 30597.1782 | GPU 1358.2 MB
fc_time: 0.00016736984252929688
fc_time: 8.416175842285156e-05
fc_time: 0.00012993812561035156
fc_time: 0.00010204315185546875
fc_time: 0.00012230873107910156
fc_time: 0.00010275840759277344
fc_time: 0.00010323524475097656
fc_time: 0.00011587142944335938
fc_time: 0.00011873245239257812
fc_time: 8.702278137207031e-05
fc_time: 0.0001289844512939453
fc_time: 8.654594421386719e-05
fc_time: 0.0001761913299560547
fc_time: 8.487701416015625e-05
fc_time: 0.00011491775512695312
fc_time: 0.0001125335693359375
fc_time: 0.00012993812561035156
fc_time: 9.942054748535156e-05
fc_time: 0.0001304149627685547
fc_time: 0.00010156631469726562
fc_time: 0.00010466575622558594
fc_time: 8.511543273925781e-05
fc_time: 0.00010347366333007812
fc_time: 0.00010037422180175781
fc_time: 0.00013256072998046875
fc_time: 9.822845458984375e-05
fc_time: 0.0001442432403564453
fc_time: 9.369850158691406e-05
fc_time: 0.00013113021850585938
fc_time: 6.651878356933594e-05
fc_time: 0.00010704994201660156
fc_time: 9.059906005859375e-05
fc_time: 0.00011610984802246094
fc_time: 8.654594421386719e-05
fc_time: 0.00012493133544921875
fc_time: 9.250640869140625e-05
fc_time: 0.0001308917999267578
fc_time: 8.702278137207031e-05
fc_time: 0.000125885009765625
fc_time: 0.00010371208190917969
Epoch 00000 | Step 00080 | Loss 5.1193 | Train Acc 0.2870 | Speed (samples/sec) 30834.4058 | GPU 1358.2 MB
fc_time: 0.00011658668518066406
fc_time: 8.893013000488281e-05
fc_time: 0.00013136863708496094
fc_time: 0.00010633468627929688
fc_time: 0.000118255615234375
fc_time: 9.703636169433594e-05
fc_time: 0.0001385211944580078
fc_time: 9.775161743164062e-05
fc_time: 0.00012826919555664062
fc_time: 0.0001010894775390625
fc_time: 0.00013589859008789062
fc_time: 9.298324584960938e-05
fc_time: 0.00011396408081054688
fc_time: 9.298324584960938e-05
fc_time: 0.00014495849609375
fc_time: 0.00010967254638671875
fc_time: 0.00013113021850585938
fc_time: 0.00010347366333007812
fc_time: 0.00013017654418945312
fc_time: 8.96453857421875e-05
fc_time: 0.0001652240753173828
fc_time: 9.012222290039062e-05
fc_time: 0.0001430511474609375
fc_time: 7.200241088867188e-05
fc_time: 0.00012683868408203125
fc_time: 9.369850158691406e-05
fc_time: 0.00013017654418945312
fc_time: 9.179115295410156e-05
fc_time: 0.00010561943054199219
fc_time: 7.891654968261719e-05
fc_time: 0.00014495849609375
fc_time: 8.392333984375e-05
fc_time: 0.00012540817260742188
fc_time: 8.940696716308594e-05
fc_time: 0.00011563301086425781
fc_time: 8.749961853027344e-05
fc_time: 0.00013589859008789062
fc_time: 9.679794311523438e-05
fc_time: 0.00011515617370605469
fc_time: 9.1552734375e-05
Epoch 00000 | Step 00100 | Loss 2.6808 | Train Acc 0.3430 | Speed (samples/sec) 30920.2072 | GPU 1358.8 MB
fc_time: 0.00011968612670898438
fc_time: 8.416175842285156e-05
fc_time: 0.00012302398681640625
fc_time: 8.606910705566406e-05
fc_time: 0.00012636184692382812
fc_time: 0.00010180473327636719
fc_time: 0.00011038780212402344
fc_time: 8.7738037109375e-05
fc_time: 0.0001251697540283203
fc_time: 8.702278137207031e-05
fc_time: 8.153915405273438e-05
fc_time: 9.894371032714844e-05
fc_time: 0.00013017654418945312
fc_time: 9.918212890625e-05
fc_time: 0.00010848045349121094
fc_time: 0.00010180473327636719
fc_time: 0.00011444091796875
fc_time: 8.940696716308594e-05
fc_time: 0.00011396408081054688
fc_time: 8.726119995117188e-05
fc_time: 0.0001475811004638672
fc_time: 7.009506225585938e-05
fc_time: 0.00012159347534179688
fc_time: 9.799003601074219e-05
fc_time: 0.00011682510375976562
fc_time: 0.00010323524475097656
fc_time: 0.00012063980102539062
fc_time: 8.96453857421875e-05
fc_time: 0.00011110305786132812
fc_time: 0.0001010894775390625
fc_time: 0.0001239776611328125
fc_time: 9.107589721679688e-05
fc_time: 0.0001399517059326172
fc_time: 0.00010275840759277344
fc_time: 0.00012493133544921875
fc_time: 9.441375732421875e-05
fc_time: 0.00010800361633300781
fc_time: 8.702278137207031e-05
fc_time: 0.00012230873107910156
fc_time: 8.654594421386719e-05
Epoch 00000 | Step 00120 | Loss 2.4643 | Train Acc 0.3760 | Speed (samples/sec) 31072.1507 | GPU 1358.9 MB
fc_time: 0.00011873245239257812
fc_time: 8.630752563476562e-05
fc_time: 0.00011968612670898438
fc_time: 8.845329284667969e-05
fc_time: 0.0001399517059326172
fc_time: 0.00010919570922851562
fc_time: 0.00010991096496582031
fc_time: 8.416175842285156e-05
fc_time: 0.00011014938354492188
fc_time: 8.821487426757812e-05
fc_time: 0.0001289844512939453
fc_time: 0.00010228157043457031
fc_time: 0.00011587142944335938
fc_time: 8.58306884765625e-05
fc_time: 0.00010776519775390625
fc_time: 9.083747863769531e-05
fc_time: 0.00011777877807617188
fc_time: 8.535385131835938e-05
fc_time: 0.00013494491577148438
fc_time: 0.00010800361633300781
fc_time: 0.00011301040649414062
fc_time: 8.726119995117188e-05
fc_time: 0.00012993812561035156
fc_time: 0.00010752677917480469
fc_time: 0.0001087188720703125
fc_time: 9.584426879882812e-05
fc_time: 0.00012135505676269531
fc_time: 7.05718994140625e-05
fc_time: 0.00015211105346679688
fc_time: 0.0001125335693359375
fc_time: 0.0001583099365234375
fc_time: 8.940696716308594e-05
fc_time: 0.00015997886657714844
fc_time: 8.606910705566406e-05
fc_time: 8.082389831542969e-05
fc_time: 6.246566772460938e-05
fc_time: 0.00012683868408203125
fc_time: 9.250640869140625e-05
fc_time: 0.0001380443572998047
fc_time: 9.441375732421875e-05
Epoch 00000 | Step 00140 | Loss 2.2799 | Train Acc 0.4330 | Speed (samples/sec) 31151.5547 | GPU 1358.9 MB
fc_time: 0.0001220703125
fc_time: 8.869171142578125e-05
fc_time: 0.00012135505676269531
fc_time: 8.96453857421875e-05
fc_time: 0.00011849403381347656
fc_time: 8.678436279296875e-05
fc_time: 0.0001723766326904297
fc_time: 8.988380432128906e-05
fc_time: 0.00011920928955078125
fc_time: 0.00010824203491210938
fc_time: 0.00013875961303710938
fc_time: 0.00010848045349121094
fc_time: 0.00011467933654785156
fc_time: 8.940696716308594e-05
fc_time: 0.00011801719665527344
fc_time: 8.988380432128906e-05
fc_time: 0.00013566017150878906
fc_time: 0.00010418891906738281
fc_time: 0.00011420249938964844
fc_time: 9.179115295410156e-05
fc_time: 0.0001308917999267578
fc_time: 6.651878356933594e-05
fc_time: 0.00013327598571777344
fc_time: 0.00010037422180175781
fc_time: 0.00011730194091796875
fc_time: 9.393692016601562e-05
fc_time: 7.605552673339844e-05
fc_time: 9.226799011230469e-05
fc_time: 0.00010132789611816406
fc_time: 8.392333984375e-05
fc_time: 0.00011777877807617188
fc_time: 9.202957153320312e-05
fc_time: 0.00013589859008789062
fc_time: 9.775161743164062e-05
fc_time: 0.00011515617370605469
fc_time: 8.797645568847656e-05
fc_time: 0.00013256072998046875
fc_time: 8.7738037109375e-05
fc_time: 0.0001354217529296875
fc_time: 0.00010061264038085938
Epoch 00000 | Step 00160 | Loss 2.1164 | Train Acc 0.4530 | Speed (samples/sec) 31209.1509 | GPU 1358.9 MB
fc_time: 0.0001251697540283203
fc_time: 9.322166442871094e-05
fc_time: 0.00012612342834472656
fc_time: 6.67572021484375e-05
fc_time: 0.00011897087097167969
fc_time: 9.441375732421875e-05
fc_time: 0.000141143798828125
fc_time: 0.00010538101196289062
fc_time: 0.00011897087097167969
fc_time: 9.417533874511719e-05
fc_time: 0.00012993812561035156
fc_time: 9.822845458984375e-05
fc_time: 0.00012612342834472656
fc_time: 8.559226989746094e-05
fc_time: 0.0001304149627685547
fc_time: 9.799003601074219e-05
fc_time: 0.00012350082397460938
fc_time: 9.298324584960938e-05
fc_time: 0.00012350082397460938
fc_time: 8.797645568847656e-05
fc_time: 0.00017547607421875
fc_time: 8.869171142578125e-05
fc_time: 0.0001354217529296875
fc_time: 8.630752563476562e-05
fc_time: 0.00011873245239257812
fc_time: 9.250640869140625e-05
fc_time: 0.0001125335693359375
fc_time: 8.559226989746094e-05
fc_time: 0.0001380443572998047
fc_time: 9.059906005859375e-05
fc_time: 0.00015664100646972656
fc_time: 8.726119995117188e-05
fc_time: 0.0001266002655029297
fc_time: 0.00011277198791503906
fc_time: 0.0001437664031982422
fc_time: 0.00010180473327636719
fc_time: 0.00011849403381347656
fc_time: 0.00011110305786132812
fc_time: 0.00011491775512695312
fc_time: 8.821487426757812e-05
Epoch 00000 | Step 00180 | Loss 2.0251 | Train Acc 0.4680 | Speed (samples/sec) 31269.7574 | GPU 1358.9 MB
fc_time: 0.00012540817260742188
fc_time: 0.00011229515075683594
fc_time: 0.00012302398681640625
fc_time: 0.00010085105895996094
fc_time: 0.0001227855682373047
fc_time: 0.00010013580322265625
fc_time: 0.00011301040649414062
fc_time: 8.916854858398438e-05
fc_time: 0.00011992454528808594
fc_time: 8.797645568847656e-05
fc_time: 0.00011110305786132812
fc_time: 8.535385131835938e-05
fc_time: 0.0001366138458251953
fc_time: 9.799003601074219e-05
fc_time: 0.0001227855682373047
fc_time: 8.58306884765625e-05
fc_time: 0.00013875961303710938
fc_time: 6.580352783203125e-05
fc_time: 6.127357482910156e-05
fc_time: 5.412101745605469e-05
fc_time: 5.602836608886719e-05
fc_time: 5.364418029785156e-05
fc_time: 6.103515625e-05
fc_time: 5.3882598876953125e-05
fc_time: 5.650520324707031e-05
fc_time: 5.269050598144531e-05
fc_time: 6.222724914550781e-05
fc_time: 5.364418029785156e-05
fc_time: 5.626678466796875e-05
fc_time: 5.91278076171875e-05
fc_time: 5.5789947509765625e-05
fc_time: 5.3882598876953125e-05
Epoch Time(s): 8.0763
/home/ubuntu/anaconda3/envs/dgl-conda/lib/python3.6/site-packages/numpy/core/fromnumeric.py:3373: RuntimeWarning: Mean of empty slice.
  out=out, **kwargs)
/home/ubuntu/anaconda3/envs/dgl-conda/lib/python3.6/site-packages/numpy/core/_methods.py:170: RuntimeWarning: invalid value encountered in double_scalars
  ret = ret.dtype.type(ret / rcount)
fc_time: 0.0001556873321533203
fc_time: 7.677078247070312e-05
Epoch 00001 | Step 00000 | Loss 1.8964 | Train Acc 0.5090 | Speed (samples/sec) 31543.1102 | GPU 1358.9 MB
fc_time: 9.870529174804688e-05
fc_time: 8.082389831542969e-05
fc_time: 0.0001049041748046875
fc_time: 7.62939453125e-05
fc_time: 9.632110595703125e-05
fc_time: 7.891654968261719e-05
fc_time: 0.00013494491577148438
fc_time: 0.00010561943054199219
fc_time: 0.00010037422180175781
fc_time: 7.82012939453125e-05
fc_time: 9.751319885253906e-05
fc_time: 8.296966552734375e-05
fc_time: 0.00011205673217773438
fc_time: 8.702278137207031e-05
fc_time: 0.0001590251922607422
fc_time: 9.584426879882812e-05
fc_time: 0.00011134147644042969
fc_time: 9.703636169433594e-05
fc_time: 0.00013136863708496094
fc_time: 8.20159912109375e-05
fc_time: 0.00010395050048828125
fc_time: 8.320808410644531e-05
fc_time: 0.00011539459228515625
fc_time: 9.322166442871094e-05
fc_time: 0.00010156631469726562
fc_time: 9.274482727050781e-05
fc_time: 0.00014066696166992188
fc_time: 0.00010561943054199219
fc_time: 9.822845458984375e-05
fc_time: 8.296966552734375e-05
fc_time: 0.00016689300537109375
fc_time: 9.965896606445312e-05
fc_time: 0.00014352798461914062
fc_time: 9.870529174804688e-05
fc_time: 0.00011157989501953125
fc_time: 8.130073547363281e-05
fc_time: 0.00010037422180175781
fc_time: 8.153915405273438e-05
fc_time: 0.00011730194091796875
fc_time: 9.799003601074219e-05
Epoch 00001 | Step 00020 | Loss 1.7453 | Train Acc 0.5530 | Speed (samples/sec) 31480.9743 | GPU 1358.9 MB
fc_time: 0.00011348724365234375
fc_time: 7.486343383789062e-05
fc_time: 0.00010704994201660156
fc_time: 8.392333984375e-05
fc_time: 0.00011801719665527344
fc_time: 8.392333984375e-05
fc_time: 0.00010561943054199219
fc_time: 0.00011134147644042969
fc_time: 0.00010395050048828125
fc_time: 0.0001049041748046875
fc_time: 0.00011992454528808594
fc_time: 8.940696716308594e-05
fc_time: 0.00011968612670898438
fc_time: 0.00010204315185546875
fc_time: 0.00010943412780761719
fc_time: 8.702278137207031e-05
fc_time: 0.00015091896057128906
fc_time: 0.00010800361633300781
fc_time: 0.00010657310485839844
fc_time: 8.678436279296875e-05
fc_time: 0.0001742839813232422
fc_time: 8.273124694824219e-05
fc_time: 0.00011777877807617188
fc_time: 9.72747802734375e-05
fc_time: 0.00010824203491210938
fc_time: 8.440017700195312e-05
fc_time: 0.00010371208190917969
fc_time: 8.7738037109375e-05
fc_time: 0.00011873245239257812
fc_time: 9.489059448242188e-05
fc_time: 0.00010228157043457031
fc_time: 8.630752563476562e-05
fc_time: 0.00016355514526367188
fc_time: 8.678436279296875e-05
fc_time: 0.00011444091796875
fc_time: 6.890296936035156e-05
fc_time: 0.00010561943054199219
fc_time: 8.511543273925781e-05
fc_time: 0.00010347366333007812
fc_time: 8.416175842285156e-05
Epoch 00001 | Step 00040 | Loss 1.7147 | Train Acc 0.5540 | Speed (samples/sec) 31504.8694 | GPU 1358.9 MB
fc_time: 0.000118255615234375
fc_time: 9.822845458984375e-05
fc_time: 0.000102996826171875
fc_time: 8.487701416015625e-05
fc_time: 0.00010204315185546875
fc_time: 8.368492126464844e-05
fc_time: 0.00010251998901367188
fc_time: 8.416175842285156e-05
fc_time: 0.00011515617370605469
fc_time: 9.942054748535156e-05
fc_time: 0.00010848045349121094
fc_time: 8.678436279296875e-05
fc_time: 0.00011587142944335938
fc_time: 8.821487426757812e-05
fc_time: 0.00011420249938964844
fc_time: 8.58306884765625e-05
fc_time: 0.0001506805419921875
fc_time: 6.747245788574219e-05
fc_time: 0.00011205673217773438
fc_time: 0.00010442733764648438
fc_time: 0.00011610984802246094
fc_time: 8.893013000488281e-05
fc_time: 0.00011110305786132812
fc_time: 9.202957153320312e-05
fc_time: 0.00011920928955078125
fc_time: 0.00010704994201660156
fc_time: 0.00010657310485839844
fc_time: 9.918212890625e-05
fc_time: 0.00011014938354492188
fc_time: 8.702278137207031e-05
fc_time: 0.0001323223114013672
fc_time: 8.535385131835938e-05
fc_time: 0.00012159347534179688
fc_time: 0.00010371208190917969
fc_time: 0.00013208389282226562
fc_time: 0.00010275840759277344
fc_time: 0.00013136863708496094
fc_time: 8.511543273925781e-05
fc_time: 0.00011754035949707031
fc_time: 9.298324584960938e-05
Epoch 00001 | Step 00060 | Loss 1.7183 | Train Acc 0.5650 | Speed (samples/sec) 31498.7184 | GPU 1358.9 MB
fc_time: 8.559226989746094e-05
fc_time: 6.222724914550781e-05
fc_time: 0.0001270771026611328
fc_time: 9.799003601074219e-05
fc_time: 0.0001308917999267578
fc_time: 8.606910705566406e-05
fc_time: 0.00011897087097167969
fc_time: 0.00010085105895996094
fc_time: 0.0001201629638671875
fc_time: 9.34600830078125e-05
fc_time: 8.058547973632812e-05
fc_time: 9.775161743164062e-05
fc_time: 0.00012993812561035156
fc_time: 8.726119995117188e-05
fc_time: 0.00012564659118652344
fc_time: 9.608268737792969e-05
fc_time: 0.00012087821960449219
fc_time: 8.630752563476562e-05
fc_time: 0.00016760826110839844
fc_time: 6.556510925292969e-05
fc_time: 0.00011181831359863281
fc_time: 9.72747802734375e-05
fc_time: 0.00010919570922851562
fc_time: 8.869171142578125e-05
fc_time: 0.0001270771026611328
fc_time: 8.487701416015625e-05
fc_time: 0.00013399124145507812
fc_time: 0.00010251998901367188
fc_time: 0.00013375282287597656
fc_time: 0.00010848045349121094
fc_time: 0.000110626220703125
fc_time: 9.036064147949219e-05
fc_time: 0.00012373924255371094
fc_time: 9.036064147949219e-05
fc_time: 0.0001285076141357422
fc_time: 0.00010037422180175781
fc_time: 0.00011348724365234375
fc_time: 8.797645568847656e-05
fc_time: 0.00013399124145507812
fc_time: 9.274482727050781e-05
Epoch 00001 | Step 00080 | Loss 1.5771 | Train Acc 0.5940 | Speed (samples/sec) 31501.9312 | GPU 1358.9 MB
fc_time: 0.00011682510375976562
fc_time: 0.00010204315185546875
fc_time: 0.00011920928955078125
fc_time: 8.702278137207031e-05
fc_time: 0.00011897087097167969
fc_time: 8.296966552734375e-05
fc_time: 9.846687316894531e-05
fc_time: 9.036064147949219e-05
fc_time: 0.00013399124145507812
fc_time: 9.107589721679688e-05
fc_time: 0.00010967254638671875
fc_time: 9.274482727050781e-05
fc_time: 0.00011420249938964844
fc_time: 0.00011086463928222656
fc_time: 0.0001308917999267578
fc_time: 9.298324584960938e-05
fc_time: 0.00013947486877441406
fc_time: 9.036064147949219e-05
fc_time: 0.00011157989501953125
fc_time: 8.869171142578125e-05
fc_time: 8.368492126464844e-05
fc_time: 0.00010180473327636719
fc_time: 0.00013208389282226562
fc_time: 9.512901306152344e-05
fc_time: 0.0001361370086669922
fc_time: 0.00010919570922851562
fc_time: 0.00010609626770019531
fc_time: 9.369850158691406e-05
fc_time: 0.00014638900756835938
fc_time: 0.00010037422180175781
fc_time: 0.00012564659118652344
fc_time: 9.202957153320312e-05
fc_time: 0.0001399517059326172
fc_time: 0.00011157989501953125
fc_time: 0.00014448165893554688
fc_time: 8.869171142578125e-05
fc_time: 0.00010776519775390625
fc_time: 8.940696716308594e-05
fc_time: 0.0001285076141357422
fc_time: 8.869171142578125e-05
Epoch 00001 | Step 00100 | Loss 1.5405 | Train Acc 0.6170 | Speed (samples/sec) 31489.3453 | GPU 1358.9 MB
fc_time: 0.00012731552124023438
fc_time: 8.58306884765625e-05
fc_time: 0.00012087821960449219
fc_time: 8.749961853027344e-05
fc_time: 0.00011229515075683594
fc_time: 8.225440979003906e-05
fc_time: 0.0001304149627685547
fc_time: 0.00010967254638671875
fc_time: 0.00011944770812988281
fc_time: 8.7738037109375e-05
fc_time: 7.462501525878906e-05
fc_time: 6.175041198730469e-05
fc_time: 0.00010538101196289062
fc_time: 8.416175842285156e-05
fc_time: 0.00012874603271484375
fc_time: 9.202957153320312e-05
fc_time: 9.942054748535156e-05
fc_time: 9.679794311523438e-05
fc_time: 0.00011801719665527344
fc_time: 9.059906005859375e-05
fc_time: 0.0001304149627685547
fc_time: 0.00011777877807617188
fc_time: 0.00010752677917480469
fc_time: 0.00022482872009277344
fc_time: 8.511543273925781e-05
fc_time: 6.175041198730469e-05
fc_time: 0.00010967254638671875
fc_time: 8.273124694824219e-05
fc_time: 0.0001308917999267578
fc_time: 0.00010323524475097656
fc_time: 0.00014591217041015625
fc_time: 9.393692016601562e-05
fc_time: 0.00010395050048828125
fc_time: 9.1552734375e-05
fc_time: 0.00011491775512695312
fc_time: 8.463859558105469e-05
fc_time: 0.00012159347534179688
fc_time: 6.389617919921875e-05
fc_time: 0.0001285076141357422
fc_time: 0.00011682510375976562
Epoch 00001 | Step 00120 | Loss 1.4779 | Train Acc 0.6060 | Speed (samples/sec) 31473.4715 | GPU 1358.9 MB
fc_time: 0.0001399517059326172
fc_time: 8.7738037109375e-05
fc_time: 0.00012373924255371094
fc_time: 8.630752563476562e-05
fc_time: 0.00011754035949707031
fc_time: 9.5367431640625e-05
fc_time: 0.0001475811004638672
fc_time: 9.036064147949219e-05
fc_time: 0.00011420249938964844
fc_time: 8.511543273925781e-05
fc_time: 0.0001380443572998047
fc_time: 9.298324584960938e-05
fc_time: 0.00011515617370605469
fc_time: 8.559226989746094e-05
fc_time: 0.00013780593872070312
fc_time: 0.00010800361633300781
fc_time: 0.00013637542724609375
fc_time: 8.368492126464844e-05
fc_time: 0.00012111663818359375
fc_time: 8.58306884765625e-05
fc_time: 8.249282836914062e-05
fc_time: 9.679794311523438e-05
fc_time: 0.00011992454528808594
fc_time: 9.942054748535156e-05
fc_time: 0.00013375282287597656
fc_time: 0.00012993812561035156
fc_time: 0.00013208389282226562
fc_time: 8.7738037109375e-05
fc_time: 0.00016355514526367188
fc_time: 8.630752563476562e-05
fc_time: 0.00012087821960449219
fc_time: 8.654594421386719e-05
fc_time: 0.00015497207641601562
fc_time: 0.00010442733764648438
fc_time: 0.00011348724365234375
fc_time: 9.417533874511719e-05
fc_time: 0.00012350082397460938
fc_time: 0.00010704994201660156
fc_time: 0.0001239776611328125
fc_time: 6.818771362304688e-05
Epoch 00001 | Step 00140 | Loss 1.4352 | Train Acc 0.6360 | Speed (samples/sec) 31436.6198 | GPU 1358.9 MB
fc_time: 0.00013566017150878906
fc_time: 9.083747863769531e-05
fc_time: 0.00010347366333007812
fc_time: 0.00010538101196289062
fc_time: 7.486343383789062e-05
fc_time: 6.103515625e-05
fc_time: 0.0001652240753173828
fc_time: 8.678436279296875e-05
fc_time: 0.00011372566223144531
fc_time: 8.487701416015625e-05
fc_time: 0.00012063980102539062
fc_time: 8.7738037109375e-05
fc_time: 0.00015497207641601562
fc_time: 6.4849853515625e-05
fc_time: 0.00012445449829101562
fc_time: 9.5367431640625e-05
fc_time: 0.0001270771026611328
fc_time: 9.34600830078125e-05
fc_time: 0.0001087188720703125
fc_time: 8.702278137207031e-05
fc_time: 0.00011706352233886719
fc_time: 8.940696716308594e-05
fc_time: 0.00010585784912109375
fc_time: 0.00010228157043457031
fc_time: 0.0001163482666015625
fc_time: 8.463859558105469e-05
fc_time: 0.0001575946807861328
fc_time: 8.893013000488281e-05
fc_time: 0.0001423358917236328
fc_time: 9.107589721679688e-05
fc_time: 0.00011658668518066406
fc_time: 8.893013000488281e-05
fc_time: 0.00013446807861328125
fc_time: 0.00010156631469726562
fc_time: 0.0001163482666015625
fc_time: 9.012222290039062e-05
fc_time: 0.00012373924255371094
fc_time: 8.630752563476562e-05
fc_time: 0.00011610984802246094
fc_time: 8.845329284667969e-05
Epoch 00001 | Step 00160 | Loss 1.2850 | Train Acc 0.6860 | Speed (samples/sec) 31417.4311 | GPU 1358.9 MB
fc_time: 0.00013637542724609375
fc_time: 6.461143493652344e-05
fc_time: 0.00011157989501953125
fc_time: 8.893013000488281e-05
fc_time: 0.00011587142944335938
fc_time: 8.749961853027344e-05
fc_time: 0.0001323223114013672
fc_time: 6.723403930664062e-05
fc_time: 0.00010275840759277344
fc_time: 8.749961853027344e-05
fc_time: 0.00016117095947265625
fc_time: 0.00011801719665527344
fc_time: 0.007386684417724609
fc_time: 8.726119995117188e-05
fc_time: 0.00014328956604003906
fc_time: 7.295608520507812e-05
fc_time: 7.033348083496094e-05
fc_time: 6.270408630371094e-05
fc_time: 0.00011277198791503906
fc_time: 8.726119995117188e-05
fc_time: 0.00011205673217773438
fc_time: 9.441375732421875e-05
fc_time: 0.00013637542724609375
fc_time: 8.7738037109375e-05
fc_time: 0.00011992454528808594
fc_time: 9.298324584960938e-05
fc_time: 0.00012874603271484375
fc_time: 8.273124694824219e-05
fc_time: 0.0001342296600341797
fc_time: 9.1552734375e-05
fc_time: 0.00010895729064941406
fc_time: 8.559226989746094e-05
fc_time: 0.00011539459228515625
fc_time: 8.58306884765625e-05
fc_time: 0.0001304149627685547
fc_time: 0.00010752677917480469
fc_time: 0.00010323524475097656
fc_time: 8.654594421386719e-05
fc_time: 0.00010561943054199219
fc_time: 8.082389831542969e-05
Epoch 00001 | Step 00180 | Loss 1.3101 | Train Acc 0.6460 | Speed (samples/sec) 31442.7580 | GPU 1358.9 MB
fc_time: 0.00011324882507324219
fc_time: 0.0001068115234375
fc_time: 0.00014328956604003906
fc_time: 6.937980651855469e-05
fc_time: 0.00011587142944335938
fc_time: 8.7738037109375e-05
fc_time: 0.00014162063598632812
fc_time: 0.00010704994201660156
fc_time: 0.00011324882507324219
fc_time: 0.00010657310485839844
fc_time: 0.00017499923706054688
fc_time: 8.654594421386719e-05
fc_time: 0.00013589859008789062
fc_time: 0.00010752677917480469
fc_time: 0.0001354217529296875
fc_time: 0.0001087188720703125
fc_time: 7.224082946777344e-05
fc_time: 6.365776062011719e-05
fc_time: 6.985664367675781e-05
fc_time: 5.8650970458984375e-05
fc_time: 5.7697296142578125e-05
fc_time: 5.269050598144531e-05
fc_time: 5.91278076171875e-05
fc_time: 5.316734313964844e-05
fc_time: 5.650520324707031e-05
fc_time: 5.221366882324219e-05
fc_time: 5.6743621826171875e-05
fc_time: 5.364418029785156e-05
fc_time: 6.29425048828125e-05
fc_time: 5.245208740234375e-05
fc_time: 5.698204040527344e-05
fc_time: 5.412101745605469e-05
Epoch Time(s): 7.2544
block: Block(num_src_nodes=185357, num_dst_nodes=24505, num_edges=243512) h.size: torch.Size([185357, 100])
fc_time: 0.00032401084899902344
-------------------------------  ------------  ------------  ------------  ------------  ------------  ------------  ------------  ------------  ------------  ------------  
                           Name    Self CPU %      Self CPU   CPU total %     CPU total  CPU time avg     Self CUDA   Self CUDA %    CUDA total  CUDA time avg    # of Calls  
-------------------------------  ------------  ------------  ------------  ------------  ------------  ------------  ------------  ------------  ------------  ------------  
                       rf-sddmm         8.91%     755.826us        12.76%       1.082ms       1.082ms     718.752us         8.39%       1.083ms       1.083ms             1  
                  rf-leaky-relu         2.84%     241.155us        12.65%       1.072ms       1.072ms     196.160us         2.29%       1.073ms       1.073ms             1  
           rf-attn-dot-products        14.89%       1.263ms        18.43%       1.563ms       1.563ms      62.720us         0.73%       1.044ms       1.044ms             1  
                   rf-feat-drop        10.49%     889.127us        12.01%       1.019ms       1.019ms     156.192us         1.82%       1.021ms       1.021ms             1  
                          rf-FC         1.99%     168.353us         4.35%     368.637us     368.637us     102.560us         1.20%       1.020ms       1.020ms             1  
                  aten::dropout         0.40%      34.198us         2.35%     199.570us      99.785us      24.865us         0.29%     997.984us     498.992us             2  
           aten::_fused_dropout         1.32%     112.017us         1.95%     165.372us      82.686us     973.120us        11.36%     973.120us     486.560us             2  
                   aten::linear         0.38%      32.219us         2.22%     188.292us     188.292us      66.016us         0.77%     917.184us     917.184us             1  
                     rf-softmax         1.09%      92.038us        10.40%     882.137us     882.137us      39.328us         0.46%     882.688us     882.688us             1  
                        rf-spmm         7.71%     653.848us        10.36%     878.547us     878.547us     376.256us         4.39%     880.319us     880.319us             1  
                   aten::matmul         0.24%      20.641us         1.37%     116.302us     116.302us      17.056us         0.20%     851.168us     851.168us             1  
                    EdgeSoftmax         5.91%     501.365us         9.30%     788.439us     788.439us     556.288us         6.50%     843.360us     843.360us             1  
                       aten::mm         1.06%      89.863us         1.13%      95.661us      95.661us     834.112us         9.74%     834.112us     834.112us             1  
                       aten::to         0.28%      23.435us         8.91%     755.203us     755.203us      30.336us         0.35%     753.824us     753.824us             1  
                    aten::copy_         8.53%     723.674us         8.53%     723.674us     723.674us     723.487us         8.45%     723.487us     723.487us             1  
-------------------------------  ------------  ------------  ------------  ------------  ------------  ------------  ------------  ------------  ------------  ------------  
Self CPU time total: 8.480ms
Self CUDA time total: 8.564ms

fc_time: 9.846687316894531e-05
Epoch 00002 | Step 00000 | Loss 1.3560 | Train Acc 0.6580 | Speed (samples/sec) 31554.2972 | GPU 1358.9 MB
fc_time: 9.751319885253906e-05
fc_time: 9.250640869140625e-05
fc_time: 9.822845458984375e-05
fc_time: 9.131431579589844e-05
fc_time: 0.0001049041748046875
fc_time: 7.653236389160156e-05
fc_time: 0.00013589859008789062
fc_time: 0.00010561943054199219
fc_time: 9.799003601074219e-05
fc_time: 8.153915405273438e-05
fc_time: 9.775161743164062e-05
fc_time: 8.797645568847656e-05
fc_time: 0.00012731552124023438
fc_time: 8.940696716308594e-05
fc_time: 0.00010514259338378906
fc_time: 9.584426879882812e-05
fc_time: 0.00011801719665527344
fc_time: 8.797645568847656e-05
fc_time: 0.00011706352233886719
fc_time: 0.00010061264038085938
fc_time: 0.00015282630920410156
fc_time: 0.00010251998901367188
fc_time: 0.00010991096496582031
fc_time: 8.153915405273438e-05
fc_time: 0.00010395050048828125
fc_time: 8.225440979003906e-05
fc_time: 0.00011992454528808594
fc_time: 8.726119995117188e-05
fc_time: 0.000110626220703125
fc_time: 9.655952453613281e-05
fc_time: 0.00016760826110839844
fc_time: 9.274482727050781e-05
fc_time: 0.00010824203491210938
fc_time: 7.891654968261719e-05
fc_time: 0.00011992454528808594
fc_time: 0.00010633468627929688
fc_time: 0.00011324882507324219
fc_time: 8.511543273925781e-05
fc_time: 0.0001246929168701172
fc_time: 8.368492126464844e-05
Epoch 00002 | Step 00020 | Loss 1.2795 | Train Acc 0.6730 | Speed (samples/sec) 31582.3025 | GPU 1358.9 MB
fc_time: 0.00016880035400390625
fc_time: 0.00012063980102539062
fc_time: 0.0001480579376220703
fc_time: 9.918212890625e-05
fc_time: 0.00010395050048828125
fc_time: 8.368492126464844e-05
fc_time: 0.0001010894775390625
fc_time: 0.000141143798828125
fc_time: 0.00012683868408203125
fc_time: 9.107589721679688e-05
fc_time: 0.00016379356384277344
fc_time: 9.179115295410156e-05
fc_time: 0.00013327598571777344
fc_time: 0.00010800361633300781
fc_time: 0.00013136863708496094
fc_time: 8.940696716308594e-05
fc_time: 0.00010895729064941406
fc_time: 8.296966552734375e-05
fc_time: 0.00012421607971191406
fc_time: 8.392333984375e-05
fc_time: 0.0001437664031982422
fc_time: 0.00010275840759277344
fc_time: 0.00011110305786132812
fc_time: 8.916854858398438e-05
fc_time: 9.918212890625e-05
fc_time: 9.870529174804688e-05
fc_time: 0.0001163482666015625
fc_time: 9.751319885253906e-05
fc_time: 0.0001010894775390625
fc_time: 7.891654968261719e-05
fc_time: 0.00010824203491210938
fc_time: 7.915496826171875e-05
fc_time: 0.00012350082397460938
fc_time: 9.632110595703125e-05
fc_time: 0.00011730194091796875
fc_time: 8.20159912109375e-05
fc_time: 0.00010156631469726562
fc_time: 0.00010776519775390625
fc_time: 0.00012183189392089844
fc_time: 8.96453857421875e-05
Epoch 00002 | Step 00040 | Loss 1.2174 | Train Acc 0.6880 | Speed (samples/sec) 31555.3113 | GPU 1358.9 MB
fc_time: 0.00011515617370605469
fc_time: 9.679794311523438e-05
fc_time: 0.00012969970703125
fc_time: 9.465217590332031e-05
fc_time: 9.894371032714844e-05
fc_time: 9.250640869140625e-05
fc_time: 0.0001227855682373047
fc_time: 8.130073547363281e-05
fc_time: 0.00011968612670898438
fc_time: 8.440017700195312e-05
fc_time: 0.00011420249938964844
fc_time: 8.535385131835938e-05
fc_time: 0.00013780593872070312
fc_time: 0.00015306472778320312
fc_time: 0.0001239776611328125
fc_time: 8.7738037109375e-05
fc_time: 0.00011444091796875
fc_time: 6.628036499023438e-05
fc_time: 0.00010943412780761719
fc_time: 8.344650268554688e-05
fc_time: 0.00011086463928222656
fc_time: 6.628036499023438e-05
fc_time: 0.00010633468627929688
fc_time: 8.511543273925781e-05
fc_time: 0.00012135505676269531
fc_time: 8.726119995117188e-05
fc_time: 0.00011277198791503906
fc_time: 8.344650268554688e-05
fc_time: 0.00011706352233886719
fc_time: 8.559226989746094e-05
fc_time: 0.000102996826171875
fc_time: 8.225440979003906e-05
fc_time: 0.00012421607971191406
fc_time: 8.440017700195312e-05
fc_time: 0.00010991096496582031
fc_time: 8.988380432128906e-05
fc_time: 0.00012564659118652344
fc_time: 8.58306884765625e-05
fc_time: 0.00010657310485839844
fc_time: 8.106231689453125e-05
Epoch 00002 | Step 00060 | Loss 1.2740 | Train Acc 0.6690 | Speed (samples/sec) 31579.4606 | GPU 1358.9 MB
fc_time: 0.00010013580322265625
fc_time: 8.463859558105469e-05
fc_time: 0.00012612342834472656
fc_time: 0.00010013580322265625
fc_time: 0.00012493133544921875
fc_time: 8.869171142578125e-05
fc_time: 0.00011301040649414062
fc_time: 9.465217590332031e-05
fc_time: 0.000125885009765625
fc_time: 0.00010251998901367188
fc_time: 0.00011181831359863281
fc_time: 6.341934204101562e-05
fc_time: 0.00011730194091796875
fc_time: 8.916854858398438e-05
fc_time: 0.00010204315185546875
fc_time: 8.678436279296875e-05
fc_time: 0.00012254714965820312
fc_time: 9.036064147949219e-05
fc_time: 0.00011348724365234375
fc_time: 9.202957153320312e-05
fc_time: 0.00011491775512695312
fc_time: 8.58306884765625e-05
fc_time: 0.00013113021850585938
fc_time: 0.00010132789611816406
fc_time: 0.00013899803161621094
fc_time: 8.273124694824219e-05
fc_time: 0.00011873245239257812
fc_time: 9.036064147949219e-05
fc_time: 0.00010156631469726562
fc_time: 8.082389831542969e-05
fc_time: 0.00011801719665527344
fc_time: 8.702278137207031e-05
fc_time: 0.0001323223114013672
fc_time: 8.630752563476562e-05
fc_time: 0.00016927719116210938
fc_time: 8.749961853027344e-05
fc_time: 0.00012683868408203125
fc_time: 9.679794311523438e-05
fc_time: 0.00011086463928222656
fc_time: 9.799003601074219e-05
Epoch 00002 | Step 00080 | Loss 1.1966 | Train Acc 0.6980 | Speed (samples/sec) 31555.4612 | GPU 1358.9 MB
fc_time: 0.00011944770812988281
fc_time: 8.749961853027344e-05
fc_time: 0.00011205673217773438
fc_time: 8.797645568847656e-05
fc_time: 0.00013637542724609375
fc_time: 0.00011086463928222656
fc_time: 0.00014328956604003906
fc_time: 0.00010967254638671875
fc_time: 0.00010991096496582031
fc_time: 8.392333984375e-05
fc_time: 0.00011134147644042969
fc_time: 9.298324584960938e-05
fc_time: 0.00011444091796875
fc_time: 8.606910705566406e-05
fc_time: 0.00012421607971191406
fc_time: 6.556510925292969e-05
fc_time: 0.00010919570922851562
fc_time: 8.368492126464844e-05
fc_time: 0.00011348724365234375
fc_time: 8.821487426757812e-05
fc_time: 0.0001289844512939453
fc_time: 6.67572021484375e-05
fc_time: 9.751319885253906e-05
fc_time: 8.58306884765625e-05
fc_time: 0.000102996826171875
fc_time: 8.273124694824219e-05
fc_time: 0.00011610984802246094
fc_time: 0.000102996826171875
fc_time: 8.320808410644531e-05
fc_time: 8.416175842285156e-05
fc_time: 0.00013637542724609375
fc_time: 8.893013000488281e-05
fc_time: 0.00013971328735351562
fc_time: 6.508827209472656e-05
fc_time: 0.00010752677917480469
fc_time: 8.559226989746094e-05
fc_time: 0.00010657310485839844
fc_time: 9.202957153320312e-05
fc_time: 9.465217590332031e-05
fc_time: 0.00010371208190917969
Epoch 00002 | Step 00100 | Loss 1.1000 | Train Acc 0.7090 | Speed (samples/sec) 31564.7471 | GPU 1359.1 MB
fc_time: 0.0001418590545654297
fc_time: 8.940696716308594e-05
fc_time: 0.00010418891906738281
fc_time: 8.177757263183594e-05
fc_time: 0.00013518333435058594
fc_time: 8.606910705566406e-05
fc_time: 0.00011682510375976562
fc_time: 8.535385131835938e-05
fc_time: 0.0001163482666015625
fc_time: 8.606910705566406e-05
fc_time: 0.00012969970703125
fc_time: 8.869171142578125e-05
fc_time: 0.0001361370086669922
fc_time: 9.942054748535156e-05
fc_time: 0.0001289844512939453
fc_time: 9.870529174804688e-05
fc_time: 0.00014972686767578125
fc_time: 0.00010395050048828125
fc_time: 0.00013494491577148438
fc_time: 0.00010585784912109375
fc_time: 0.00011157989501953125
fc_time: 8.940696716308594e-05
fc_time: 8.058547973632812e-05
fc_time: 8.58306884765625e-05
fc_time: 0.00010514259338378906
fc_time: 8.296966552734375e-05
fc_time: 0.00010132789611816406
fc_time: 8.0108642578125e-05
fc_time: 0.00012731552124023438
fc_time: 0.0001266002655029297
fc_time: 8.177757263183594e-05
fc_time: 6.365776062011719e-05
fc_time: 0.00010633468627929688
fc_time: 9.775161743164062e-05
fc_time: 0.0001125335693359375
fc_time: 9.989738464355469e-05
fc_time: 0.00012230873107910156
fc_time: 0.00010251998901367188
fc_time: 0.00011801719665527344
fc_time: 0.00010466575622558594
Epoch 00002 | Step 00120 | Loss 1.1304 | Train Acc 0.7050 | Speed (samples/sec) 31554.0983 | GPU 1359.1 MB
fc_time: 0.00011777877807617188
fc_time: 8.940696716308594e-05
fc_time: 0.00014328956604003906
fc_time: 8.893013000488281e-05
fc_time: 0.00011301040649414062
fc_time: 8.416175842285156e-05
fc_time: 0.0001270771026611328
fc_time: 8.916854858398438e-05
fc_time: 0.00011920928955078125
fc_time: 8.988380432128906e-05
fc_time: 0.0001327991485595703
fc_time: 0.00010132789611816406
fc_time: 0.00011920928955078125
fc_time: 8.58306884765625e-05
fc_time: 0.00012373924255371094
fc_time: 9.775161743164062e-05
fc_time: 0.00011467933654785156
fc_time: 9.202957153320312e-05
fc_time: 0.00010848045349121094
fc_time: 9.131431579589844e-05
fc_time: 0.000110626220703125
fc_time: 0.00010561943054199219
fc_time: 0.00013709068298339844
fc_time: 0.00010442733764648438
fc_time: 0.0001125335693359375
fc_time: 8.463859558105469e-05
fc_time: 0.00013136863708496094
fc_time: 0.00010013580322265625
fc_time: 0.00010800361633300781
fc_time: 8.678436279296875e-05
fc_time: 8.916854858398438e-05
fc_time: 9.393692016601562e-05
fc_time: 7.605552673339844e-05
fc_time: 8.344650268554688e-05
fc_time: 0.00012040138244628906
fc_time: 0.0001201629638671875
fc_time: 0.00011110305786132812
fc_time: 8.869171142578125e-05
fc_time: 0.00013685226440429688
fc_time: 6.866455078125e-05
Epoch 00002 | Step 00140 | Loss 1.2122 | Train Acc 0.6940 | Speed (samples/sec) 31559.7107 | GPU 1359.1 MB
fc_time: 0.000125885009765625
fc_time: 0.00011277198791503906
fc_time: 0.00010061264038085938
fc_time: 8.630752563476562e-05
fc_time: 0.00012731552124023438
fc_time: 9.417533874511719e-05
fc_time: 0.00011372566223144531
fc_time: 8.440017700195312e-05
fc_time: 0.00010919570922851562
fc_time: 8.559226989746094e-05
fc_time: 0.0001201629638671875
fc_time: 8.749961853027344e-05
fc_time: 0.00013494491577148438
fc_time: 0.00010371208190917969
fc_time: 0.00011324882507324219
fc_time: 9.655952453613281e-05
fc_time: 0.00011849403381347656
fc_time: 8.797645568847656e-05
fc_time: 0.00012731552124023438
fc_time: 0.00010251998901367188
fc_time: 0.00011110305786132812
fc_time: 0.0001010894775390625
fc_time: 0.00011563301086425781
fc_time: 8.916854858398438e-05
fc_time: 0.00011992454528808594
fc_time: 8.630752563476562e-05
fc_time: 0.00011539459228515625
fc_time: 8.726119995117188e-05
fc_time: 0.0001316070556640625
fc_time: 0.00010013580322265625
fc_time: 0.00010323524475097656
fc_time: 9.918212890625e-05
fc_time: 0.00013947486877441406
fc_time: 0.00010538101196289062
fc_time: 0.0001285076141357422
fc_time: 9.417533874511719e-05
fc_time: 0.00013709068298339844
fc_time: 0.00010323524475097656
fc_time: 0.0001583099365234375
fc_time: 8.58306884765625e-05
Epoch 00002 | Step 00160 | Loss 1.1452 | Train Acc 0.7080 | Speed (samples/sec) 31563.6535 | GPU 1359.1 MB
fc_time: 0.0001227855682373047
fc_time: 9.107589721679688e-05
fc_time: 0.00013375282287597656
fc_time: 0.00011849403381347656
fc_time: 0.00011682510375976562
fc_time: 8.678436279296875e-05
fc_time: 0.00010824203491210938
fc_time: 8.726119995117188e-05
fc_time: 0.00011539459228515625
fc_time: 8.535385131835938e-05
fc_time: 0.00013494491577148438
fc_time: 0.00010061264038085938
fc_time: 0.0001068115234375
fc_time: 8.726119995117188e-05
fc_time: 0.00010800361633300781
fc_time: 8.630752563476562e-05
fc_time: 0.00012969970703125
fc_time: 9.226799011230469e-05
fc_time: 0.0001270771026611328
fc_time: 9.298324584960938e-05
fc_time: 0.00010156631469726562
fc_time: 8.344650268554688e-05
fc_time: 0.00013947486877441406
fc_time: 8.678436279296875e-05
fc_time: 0.00010776519775390625
fc_time: 0.00010442733764648438
fc_time: 0.000102996826171875
fc_time: 8.416175842285156e-05
fc_time: 0.00015664100646972656
fc_time: 0.00010180473327636719
fc_time: 0.00010609626770019531
fc_time: 8.344650268554688e-05
fc_time: 0.00012493133544921875
fc_time: 8.630752563476562e-05
fc_time: 0.00013756752014160156
fc_time: 6.771087646484375e-05
fc_time: 0.00010704994201660156
fc_time: 8.749961853027344e-05
fc_time: 0.00010275840759277344
fc_time: 8.893013000488281e-05
Epoch 00002 | Step 00180 | Loss 1.0862 | Train Acc 0.7080 | Speed (samples/sec) 31551.9311 | GPU 1359.1 MB
fc_time: 0.00011205673217773438
fc_time: 9.083747863769531e-05
fc_time: 0.00014448165893554688
fc_time: 0.00010943412780761719
fc_time: 0.0001220703125
fc_time: 8.749961853027344e-05
fc_time: 0.00011610984802246094
fc_time: 8.416175842285156e-05
fc_time: 0.00013637542724609375
fc_time: 8.726119995117188e-05
fc_time: 0.0001220703125
fc_time: 9.679794311523438e-05
fc_time: 0.0001227855682373047
fc_time: 6.29425048828125e-05
fc_time: 0.00011444091796875
fc_time: 7.724761962890625e-05
fc_time: 0.00010085105895996094
fc_time: 0.00010204315185546875
fc_time: 7.128715515136719e-05
fc_time: 5.650520324707031e-05
fc_time: 5.817413330078125e-05
fc_time: 5.364418029785156e-05
fc_time: 5.841255187988281e-05
fc_time: 5.459785461425781e-05
fc_time: 5.7220458984375e-05
fc_time: 5.2928924560546875e-05
fc_time: 6.079673767089844e-05
fc_time: 5.364418029785156e-05
fc_time: 5.7220458984375e-05
fc_time: 5.269050598144531e-05
fc_time: 6.031990051269531e-05
fc_time: 5.745887756347656e-05
Epoch Time(s): 7.2344
Avg epoch time: -0.0
